Running: C:\Xilinx\14.2\ISE_DS\ISE\bin\nt64\unwrapped\fuse.exe -intstyle ise -incremental -o C:/Users/spring2018/Desktop/DSD Project/washing_machine_controller/tb_washing_machine_isim_beh.exe -prj C:/Users/spring2018/Desktop/DSD Project/washing_machine_controller/tb_washing_machine_beh.prj work.tb_washing_machine 
ISim P.28xd (signature 0xa0883be4)
Number of CPUs detected in this system: 8
Turning on mult-threading, number of parallel sub-compilation jobs: 16 
Determining compilation order of HDL files
Parsing VHDL file "C:/Users/spring2018/Desktop/DSD Project/washing_machine_controller/washing_machine_controller.vhd" into library work
Parsing VHDL file "C:/Users/spring2018/Desktop/DSD Project/washing_machine_controller/tb_washing_machine.vhd" into library work
Starting static elaboration
Completed static elaboration
Compiling package standard
Compiling package std_logic_1164
Compiling package std_logic_arith
Compiling package std_logic_unsigned
Compiling package numeric_std
Compiling architecture behavioral of entity washing_machine_controller [washing_machine_controller_defau...]
Compiling architecture test of entity tb_washing_machine
Time Resolution for simulation is 1ps.
Waiting for 1 sub-compilation(s) to finish...
Compiled 8 VHDL Units
Built simulation executable C:/Users/spring2018/Desktop/DSD Project/washing_machine_controller/tb_washing_machine_isim_beh.exe
Fuse Memory Usage: 38244 KB
Fuse CPU Usage: 702 ms
