ISim log file
Running: C:\Users\spring2018\Desktop\DSD Project\washing_machine_controller\tb_washing_machine_isim_beh.exe -intstyle ise -gui -tclbatch isim.cmd -wdb C:/Users/spring2018/Desktop/DSD Project/washing_machine_controller/tb_washing_machine_isim_beh.wdb 
ISim P.28xd (signature 0xa0883be4)
----------------------------------------------------------------------
WARNING:Security:42 - Your software subscription period has lapsed. Your current version of Xilinx tools will continue to function, but you no longer qualify for Xilinx software updates or new releases.


----------------------------------------------------------------------
This is a Full version of ISim.
Time resolution is 1 ps
# onerror resume
# wave add /
# run 1000 ns
Simulator is doing circuit initialization process.
at 0 ps: Note: ======================================== (/tb_washing_machine/).
at 0 ps: Note: Starting Washing Machine Test (/tb_washing_machine/).
at 0 ps: Note: ======================================== (/tb_washing_machine/).
Finished circuit initialization process.
at 200 ns: Note: Test 1: Normal Wash Cycle (/tb_washing_machine/).
at 200 ns: Note: ---------------------------------------- (/tb_washing_machine/).
at 200 ns: Note: Closing door... (/tb_washing_machine/).
at 400 ns: Note: Pressing START button... (/tb_washing_machine/).
at 415 ns(1): Note: STATE: DOOR_CHECK - Checking door status (/tb_washing_machine/).
at 425 ns(1): Note: STATE: FILL_WATER - Filling water tank (/tb_washing_machine/).
at 500 ns: Note: Running complete wash cycle... (/tb_washing_machine/).
