--------------------------------------------------------------------------------
Release 14.2 Trace  (nt64)
Copyright (c) 1995-2012 Xilinx, Inc.  All rights reserved.

C:\Xilinx\14.2\ISE_DS\ISE\bin\nt64\unwrapped\trce.exe -intstyle ise -v 3 -s 4
-n 3 -fastpaths -xml washing_machine_controller.twx
washing_machine_controller.ncd -o washing_machine_controller.twr
washing_machine_controller.pcf

Design file:              washing_machine_controller.ncd
Physical constraint file: washing_machine_controller.pcf
Device,package,speed:     xc3s500e,fg320,-4 (PRODUCTION 1.27 2012-07-09)
Report level:             verbose report

Environment Variable      Effect 
--------------------      ------ 
NONE                      No environment variables were set
--------------------------------------------------------------------------------

INFO:Timing:2698 - No timing constraints found, doing default enumeration.
INFO:Timing:3412 - To improve timing, see the Timing Closure User Guide (UG612).
INFO:Timing:2752 - To get complete path coverage, use the unconstrained paths 
   option. All paths that are not constrained will be reported in the 
   unconstrained paths section(s) of the report.
INFO:Timing:3339 - The clock-to-out numbers in this timing report are based on 
   a 50 Ohm transmission line loading model.  For the details of this model, 
   and for more information on accounting for different loading conditions, 
   please see the device datasheet.
INFO:Timing:3390 - This architecture does not support a default System Jitter 
   value, please add SYSTEM_JITTER constraint to the UCF to modify the Clock 
   Uncertainty calculation.
INFO:Timing:3389 - This architecture does not support 'Discrete Jitter' and 
   'Phase Error' calculations, these terms will be zero in the Clock 
   Uncertainty calculation.  Please make appropriate modification to 
   SYSTEM_JITTER to account for the unsupported Discrete Jitter and Phase 
   Error.



Data Sheet report:
-----------------
All values displayed in nanoseconds (ns)

Setup/Hold to clock clk
------------+------------+------------+------------------+--------+
            |Max Setup to|Max Hold to |                  | Clock  |
Source      | clk (edge) | clk (edge) |Internal Clock(s) | Phase  |
------------+------------+------------+------------------+--------+
door_closed |    0.475(R)|    0.852(R)|clk_BUFGP         |   0.000|
start       |    0.165(R)|    1.093(R)|clk_BUFGP         |   0.000|
wash_mode<0>|    5.606(R)|   -0.748(R)|clk_BUFGP         |   0.000|
wash_mode<1>|    6.024(R)|    0.554(R)|clk_BUFGP         |   0.000|
water_full  |    0.498(R)|    1.010(R)|clk_BUFGP         |   0.000|
------------+------------+------------+------------------+--------+

Clock clk to Pad
------------+------------+------------------+--------+
            | clk (edge) |                  | Clock  |
Destination |   to PAD   |Internal Clock(s) | Phase  |
------------+------------+------------------+--------+
buzzer      |    8.279(R)|clk_BUFGP         |   0.000|
detergent   |    7.387(R)|clk_BUFGP         |   0.000|
done        |    8.030(R)|clk_BUFGP         |   0.000|
door_lock   |   11.597(R)|clk_BUFGP         |   0.000|
drain_valve |    9.223(R)|clk_BUFGP         |   0.000|
heater      |    8.769(R)|clk_BUFGP         |   0.000|
motor_dir   |    8.889(R)|clk_BUFGP         |   0.000|
motor_on    |    8.894(R)|clk_BUFGP         |   0.000|
water_valve |    8.802(R)|clk_BUFGP         |   0.000|
------------+------------+------------------+--------+

Clock to Setup on destination clock clk
---------------+---------+---------+---------+---------+
               | Src:Rise| Src:Fall| Src:Rise| Src:Fall|
Source Clock   |Dest:Rise|Dest:Rise|Dest:Fall|Dest:Fall|
---------------+---------+---------+---------+---------+
clk            |    8.042|         |         |         |
---------------+---------+---------+---------+---------+

Pad to Pad
---------------+---------------+---------+
Source Pad     |Destination Pad|  Delay  |
---------------+---------------+---------+
door_closed    |door_lock      |    6.697|
wash_mode<1>   |heater         |    6.643|
---------------+---------------+---------+


Analysis completed Thu Dec 11 12:00:31 2025 
--------------------------------------------------------------------------------

Trace Settings:
-------------------------
Trace Settings 

Peak Memory Usage: 4502 MB



